<?xml version="1.0" encoding="UTF-8"?>
<testng-results total="1" passed="1" failed="0" skipped="0">
  <reporter-output>
  </reporter-output>
  <suite started-at="2024-01-28T14:29:39Z" name="Suite" finished-at="2024-01-28T14:29:39Z" duration-ms="98">
    <groups>
    </groups>
    <test started-at="2024-01-28T14:29:39Z" name="Test" finished-at="2024-01-28T14:29:39Z" duration-ms="98">
      <class name="com.test.testing.TestCalc">
        <test-method is-config="true" signature="beforeMethod()[pri:0, instance:com.test.testing.TestCalc@7ceb3185]" started-at="2024-01-28T19:59:39Z" name="beforeMethod" finished-at="2024-01-28T19:59:39Z" duration-ms="19" status="PASS">
          <reporter-output>
          </reporter-output>
        </test-method> <!-- beforeMethod -->
        <test-method signature="Testadd()[pri:0, instance:com.test.testing.TestCalc@7ceb3185]" started-at="2024-01-28T19:59:39Z" name="Testadd" finished-at="2024-01-28T19:59:39Z" duration-ms="36" status="PASS">
          <reporter-output>
          </reporter-output>
        </test-method> <!-- Testadd -->
        <test-method is-config="true" signature="afterMethod()[pri:0, instance:com.test.testing.TestCalc@7ceb3185]" started-at="2024-01-28T19:59:39Z" name="afterMethod" finished-at="2024-01-28T19:59:39Z" duration-ms="5" status="PASS">
          <reporter-output>
          </reporter-output>
        </test-method> <!-- afterMethod -->
      </class> <!-- com.test.testing.TestCalc -->
    </test> <!-- Test -->
  </suite> <!-- Suite -->
</testng-results>
